<?xml version="1.0" encoding="UTF-8"?>
<testsuite name="com.itt.test.kmt.repositories.UserRepositoryTests" tests="2" skipped="0" failures="0" errors="0" timestamp="2018-03-02T11:31:30" hostname="ITT-YASHWANTM" time="0.591">
  <properties/>
  <testcase name="onSaveSetId" classname="com.itt.test.kmt.repositories.UserRepositoryTests" time="0.459"/>
  <testcase name="findByEmail" classname="com.itt.test.kmt.repositories.UserRepositoryTests" time="0.125"/>
  <system-out><![CDATA[2018-03-02 17:01:16.347  INFO 3268 --- [    Test worker] .b.t.c.SpringBootTestContextBootstrapper : Neither @ContextConfiguration nor @ContextHierarchy found for test class [com.itt.test.kmt.repositories.UserRepositoryTests], using SpringBootContextLoader
2018-03-02 17:01:16.356  INFO 3268 --- [    Test worker] o.s.t.c.support.AbstractContextLoader    : Could not detect default resource locations for test class [com.itt.test.kmt.repositories.UserRepositoryTests]: no resource found for suffixes {-context.xml, Context.groovy}.
2018-03-02 17:01:16.356  INFO 3268 --- [    Test worker] t.c.s.AnnotationConfigContextLoaderUtils : Could not detect default configuration classes for test class [com.itt.test.kmt.repositories.UserRepositoryTests]: UserRepositoryTests does not declare any static, non-private, non-final, nested classes annotated with @Configuration.
2018-03-02 17:01:16.388  INFO 3268 --- [    Test worker] .b.t.c.SpringBootTestContextBootstrapper : Found @SpringBootConfiguration com.itt.Application for test class com.itt.test.kmt.repositories.UserRepositoryTests
2018-03-02 17:01:16.397  INFO 3268 --- [    Test worker] .b.t.c.SpringBootTestContextBootstrapper : Loaded default TestExecutionListener class names from location [META-INF/spring.factories]: [org.springframework.test.context.web.ServletTestExecutionListener, org.springframework.test.context.support.DirtiesContextBeforeModesTestExecutionListener, org.springframework.test.context.support.DependencyInjectionTestExecutionListener, org.springframework.test.context.support.DirtiesContextTestExecutionListener, org.springframework.test.context.transaction.TransactionalTestExecutionListener, org.springframework.test.context.jdbc.SqlScriptsTestExecutionListener, org.springframework.boot.test.mock.mockito.MockitoTestExecutionListener, org.springframework.boot.test.mock.mockito.ResetMocksTestExecutionListener, org.springframework.boot.test.autoconfigure.restdocs.RestDocsTestExecutionListener, org.springframework.boot.test.autoconfigure.web.client.MockRestServiceServerResetTestExecutionListener, org.springframework.boot.test.autoconfigure.web.servlet.MockMvcPrintOnlyOnFailureTestExecutionListener, org.springframework.boot.test.autoconfigure.web.servlet.WebDriverTestExecutionListener]
2018-03-02 17:01:16.413  INFO 3268 --- [    Test worker] .b.t.c.SpringBootTestContextBootstrapper : Using TestExecutionListeners: [org.springframework.test.context.web.ServletTestExecutionListener@19e15b15, org.springframework.test.context.support.DirtiesContextBeforeModesTestExecutionListener@29f70fc3, org.springframework.boot.test.autoconfigure.SpringBootDependencyInjectionTestExecutionListener@41ee9177, org.springframework.test.context.support.DirtiesContextTestExecutionListener@80a793e, org.springframework.test.context.transaction.TransactionalTestExecutionListener@1ba0a2d9, org.springframework.test.context.jdbc.SqlScriptsTestExecutionListener@a383f79, org.springframework.boot.test.autoconfigure.web.servlet.MockMvcPrintOnlyOnFailureTestExecutionListener@3f687260, org.springframework.boot.test.autoconfigure.web.client.MockRestServiceServerResetTestExecutionListener@64703f3a, org.springframework.boot.test.autoconfigure.restdocs.RestDocsTestExecutionListener@7ad8ff07, org.springframework.boot.test.mock.mockito.ResetMocksTestExecutionListener@31d0d4d2, org.springframework.boot.test.autoconfigure.web.servlet.WebDriverTestExecutionListener@4d575bfa, org.springframework.boot.test.mock.mockito.MockitoTestExecutionListener@28bb3485]

  .   ____          _            __ _ _
 /\\ / ___'_ __ _ _(_)_ __  __ _ \ \ \ \
( ( )\___ | '_ | '_| | '_ \/ _` | \ \ \ \
 \\/  ___)| |_)| | | | | || (_| |  ) ) ) )
  '  |____| .__|_| |_|_| |_\__, | / / / /
 =========|_|==============|___/=/_/_/_/
 :: Spring Boot ::        (v1.5.8.RELEASE)

2018-03-02 17:01:16.646  INFO 3268 --- [    Test worker] c.i.t.k.r.UserRepositoryTests            : Starting UserRepositoryTests on ITT-YASHWANTM with PID 3268 (started by yashwant.mahawar in F:\GIT\_ADPQ\kmt-prototype\server-src)
2018-03-02 17:01:16.648  INFO 3268 --- [    Test worker] c.i.t.k.r.UserRepositoryTests            : No active profile set, falling back to default profiles: default
2018-03-02 17:01:16.657  INFO 3268 --- [    Test worker] o.s.w.c.s.GenericWebApplicationContext   : Refreshing org.springframework.web.context.support.GenericWebApplicationContext@a2d4de1: startup date [Fri Mar 02 17:01:16 IST 2018]; root of context hierarchy
2018-03-02 17:01:19.138  INFO 3268 --- [    Test worker] trationDelegate$BeanPostProcessorChecker : Bean 'shiroConfig' of type [com.itt.kmt.jwt.ShiroConfig$$EnhancerBySpringCGLIB$$87fc0b2b] is not eligible for getting processed by all BeanPostProcessors (for example: not eligible for auto-proxying)
2018-03-02 17:01:19.217  INFO 3268 --- [    Test worker] trationDelegate$BeanPostProcessorChecker : Bean 'securityManager' of type [org.apache.shiro.web.mgt.DefaultWebSecurityManager] is not eligible for getting processed by all BeanPostProcessors (for example: not eligible for auto-proxying)
2018-03-02 17:01:19.309  INFO 3268 --- [    Test worker] trationDelegate$BeanPostProcessorChecker : Bean 'authorizationAttributeSourceAdvisor' of type [org.apache.shiro.spring.security.interceptor.AuthorizationAttributeSourceAdvisor] is not eligible for getting processed by all BeanPostProcessors (for example: not eligible for auto-proxying)
2018-03-02 17:01:19.932  INFO 3268 --- [    Test worker] com.itt.mock.MockServiceConfig           : Initalizing MockConfig bean
2018-03-02 17:01:21.274  INFO 3268 --- [    Test worker] s.w.s.m.m.a.RequestMappingHandlerMapping : Mapped "{[/login],methods=[POST],consumes=[application/json],produces=[application/json]}" onto public com.itt.kmt.response.models.LoginResponseMsg com.itt.kmt.controllers.LoginController.login(com.itt.kmt.models.User)
2018-03-02 17:01:21.275  INFO 3268 --- [    Test worker] s.w.s.m.m.a.RequestMappingHandlerMapping : Mapped "{[/401]}" onto public org.springframework.ui.ModelMap com.itt.kmt.controllers.LoginController.unauthorized()
2018-03-02 17:01:21.290  INFO 3268 --- [    Test worker] s.w.s.m.m.a.RequestMappingHandlerMapping : Mapped "{[/users],methods=[POST],produces=[application/json]}" onto public final org.springframework.ui.ModelMap com.itt.kmt.controllers.UserController.add(java.util.HashMap<java.lang.String, com.itt.kmt.models.User>)
2018-03-02 17:01:21.291  INFO 3268 --- [    Test worker] s.w.s.m.m.a.RequestMappingHandlerMapping : Mapped "{[/users/{id}],methods=[GET]}" onto public org.springframework.ui.ModelMap com.itt.kmt.controllers.UserController.getUser(java.lang.String)
2018-03-02 17:01:21.292  INFO 3268 --- [    Test worker] s.w.s.m.m.a.RequestMappingHandlerMapping : Mapped "{[/users/{id}],methods=[DELETE]}" onto public org.springframework.ui.ModelMap com.itt.kmt.controllers.UserController.deleteUser(java.lang.String)
2018-03-02 17:01:21.295  INFO 3268 --- [    Test worker] s.w.s.m.m.a.RequestMappingHandlerMapping : Mapped "{[/users/{id}],methods=[PUT],produces=[application/json]}" onto public org.springframework.ui.ModelMap com.itt.kmt.controllers.UserController.updateUser(java.util.HashMap<java.lang.String, com.itt.kmt.models.User>,java.lang.String)
2018-03-02 17:01:21.296  INFO 3268 --- [    Test worker] s.w.s.m.m.a.RequestMappingHandlerMapping : Mapped "{[/users/roles],methods=[GET]}" onto public org.springframework.ui.ModelMap com.itt.kmt.controllers.UserController.getUserRoles()
2018-03-02 17:01:21.306  INFO 3268 --- [    Test worker] s.w.s.m.m.a.RequestMappingHandlerMapping : Mapped "{[/users],methods=[GET]}" onto public org.springframework.ui.ModelMap com.itt.kmt.controllers.UserController.getAllUsers()
2018-03-02 17:01:21.323  INFO 3268 --- [    Test worker] s.w.s.m.m.a.RequestMappingHandlerMapping : Mapped "{[/swagger-resources/configuration/security]}" onto public org.springframework.http.ResponseEntity<springfox.documentation.swagger.web.SecurityConfiguration> springfox.documentation.swagger.web.ApiResourceController.securityConfiguration()
2018-03-02 17:01:21.325  INFO 3268 --- [    Test worker] s.w.s.m.m.a.RequestMappingHandlerMapping : Mapped "{[/swagger-resources]}" onto public org.springframework.http.ResponseEntity<java.util.List<springfox.documentation.swagger.web.SwaggerResource>> springfox.documentation.swagger.web.ApiResourceController.swaggerResources()
2018-03-02 17:01:21.326  INFO 3268 --- [    Test worker] s.w.s.m.m.a.RequestMappingHandlerMapping : Mapped "{[/swagger-resources/configuration/ui]}" onto public org.springframework.http.ResponseEntity<springfox.documentation.swagger.web.UiConfiguration> springfox.documentation.swagger.web.ApiResourceController.uiConfiguration()
2018-03-02 17:01:21.331  INFO 3268 --- [    Test worker] s.w.s.m.m.a.RequestMappingHandlerMapping : Mapped "{[/error]}" onto public org.springframework.http.ResponseEntity<java.util.Map<java.lang.String, java.lang.Object>> org.springframework.boot.autoconfigure.web.BasicErrorController.error(javax.servlet.http.HttpServletRequest)
2018-03-02 17:01:21.332  INFO 3268 --- [    Test worker] s.w.s.m.m.a.RequestMappingHandlerMapping : Mapped "{[/error],produces=[text/html]}" onto public org.springframework.web.servlet.ModelAndView org.springframework.boot.autoconfigure.web.BasicErrorController.errorHtml(javax.servlet.http.HttpServletRequest,javax.servlet.http.HttpServletResponse)
2018-03-02 17:01:22.679  INFO 3268 --- [    Test worker] s.w.s.m.m.a.RequestMappingHandlerAdapter : Looking for @ControllerAdvice: org.springframework.web.context.support.GenericWebApplicationContext@a2d4de1: startup date [Fri Mar 02 17:01:16 IST 2018]; root of context hierarchy
2018-03-02 17:01:22.804  INFO 3268 --- [    Test worker] .m.m.a.ExceptionHandlerExceptionResolver : Detected @ExceptionHandler methods in exceptionAdvice
2018-03-02 17:01:22.848  WARN 3268 --- [    Test worker] f.a.AutowiredAnnotationBeanPostProcessor : Autowired annotation is not supported on static methods: public static synchronized com.itt.mock.MockRestService com.itt.mock.MockRestService.getInstance(com.itt.mock.MockServiceConfig)
2018-03-02 17:01:22.972  INFO 3268 --- [    Test worker] pertySourcedRequestMappingHandlerMapping : Mapped URL path [/v2/api-docs] onto method [public org.springframework.http.ResponseEntity<springfox.documentation.spring.web.json.Json> springfox.documentation.swagger2.web.Swagger2Controller.getDocumentation(java.lang.String,javax.servlet.http.HttpServletRequest)]
2018-03-02 17:01:25.698  INFO 3268 --- [      Thread-22] o.s.b.a.mongo.embedded.EmbeddedMongo     : note: noprealloc may hurt performance in many applications
2018-03-02 17:01:25.730  INFO 3268 --- [      Thread-22] o.s.b.a.mongo.embedded.EmbeddedMongo     : 2018-03-02T17:01:25.728+0530 I CONTROL  [initandlisten] MongoDB starting : pid=9684 port=52144 dbpath=C:\Users\YASHWA~1.MAH\AppData\Local\Temp\embedmongo-db-62004028-646f-4b51-9b6e-d4d6a1e373f3 64-bit host=ITT-YASHWANTM
2018-03-02 17:01:25.730  INFO 3268 --- [      Thread-22] o.s.b.a.mongo.embedded.EmbeddedMongo     : 2018-03-02T17:01:25.730+0530 I CONTROL  [initandlisten] targetMinOS: Windows Vista/Windows Server 2008
2018-03-02 17:01:25.731  INFO 3268 --- [      Thread-22] o.s.b.a.mongo.embedded.EmbeddedMongo     : 2018-03-02T17:01:25.730+0530 I CONTROL  [initandlisten] db version v3.2.2
2018-03-02 17:01:25.731  INFO 3268 --- [      Thread-22] o.s.b.a.mongo.embedded.EmbeddedMongo     : 2018-03-02T17:01:25.730+0530 I CONTROL  [initandlisten] git version: 6e71d0d568e134c029203593b00a0103e7cdf30b
2018-03-02 17:01:25.731  INFO 3268 --- [      Thread-22] o.s.b.a.mongo.embedded.EmbeddedMongo     : 2018-03-02T17:01:25.730+0530 I CONTROL  [initandlisten] allocator: tcmalloc
2018-03-02 17:01:25.731  INFO 3268 --- [      Thread-22] o.s.b.a.mongo.embedded.EmbeddedMongo     : 2018-03-02T17:01:25.730+0530 I CONTROL  [initandlisten] modules: none
2018-03-02 17:01:25.731  INFO 3268 --- [      Thread-22] o.s.b.a.mongo.embedded.EmbeddedMongo     : 2018-03-02T17:01:25.730+0530 I CONTROL  [initandlisten] build environment:
2018-03-02 17:01:25.731  INFO 3268 --- [      Thread-22] o.s.b.a.mongo.embedded.EmbeddedMongo     : 2018-03-02T17:01:25.730+0530 I CONTROL  [initandlisten]     distarch: x86_64
2018-03-02 17:01:25.731  INFO 3268 --- [      Thread-22] o.s.b.a.mongo.embedded.EmbeddedMongo     : 2018-03-02T17:01:25.730+0530 I CONTROL  [initandlisten]     target_arch: x86_64
2018-03-02 17:01:25.731  INFO 3268 --- [      Thread-22] o.s.b.a.mongo.embedded.EmbeddedMongo     : 2018-03-02T17:01:25.730+0530 I CONTROL  [initandlisten] options: { net: { bindIp: "127.0.0.1", http: { enabled: false }, port: 52144 }, security: { authorization: "disabled" }, storage: { dbPath: "C:\Users\YASHWA~1.MAH\AppData\Local\Temp\embedmongo-db-62004028-646f-4b51-9b6e-d4d6a1e373f3", journal: { enabled: false }, mmapv1: { preallocDataFiles: false, smallFiles: true }, syncPeriodSecs: 0.0 } }
2018-03-02 17:01:25.747  INFO 3268 --- [      Thread-22] o.s.b.a.mongo.embedded.EmbeddedMongo     : 2018-03-02T17:01:25.747+0530 I STORAGE  [initandlisten] wiredtiger_open config: create,cache_size=4G,session_max=20000,eviction=(threads_max=4),config_base=false,statistics=(fast),log=(enabled=true,archive=true,path=journal,compressor=snappy),file_manager=(close_idle_time=100000),checkpoint=(wait=0,log_size=2GB),statistics_log=(wait=0),,log=(enabled=false),
2018-03-02 17:01:28.953  INFO 3268 --- [      Thread-22] o.s.b.a.mongo.embedded.EmbeddedMongo     : 2018-03-02T17:01:28.952+0530 W STORAGE  [initandlisten] Detected configuration for non-active storage engine mmapv1 when current storage engine is wiredTiger
2018-03-02 17:01:29.010  INFO 3268 --- [      Thread-22] o.s.b.a.mongo.embedded.EmbeddedMongo     : 2018-03-02T17:01:29.010+0530 I NETWORK  [HostnameCanonicalizationWorker] Starting hostname canonicalization worker
2018-03-02 17:01:29.010  INFO 3268 --- [      Thread-22] o.s.b.a.mongo.embedded.EmbeddedMongo     : 2018-03-02T17:01:29.010+0530 I FTDC     [initandlisten] Initializing full-time diagnostic data capture with directory 'C:/Users/YASHWA~1.MAH/AppData/Local/Temp/embedmongo-db-62004028-646f-4b51-9b6e-d4d6a1e373f3/diagnostic.data'
2018-03-02 17:01:29.905  INFO 3268 --- [      Thread-22] o.s.b.a.mongo.embedded.EmbeddedMongo     : 2018-03-02T17:01:29.905+0530 I NETWORK  [initandlisten] waiting for connections on port 52144
2018-03-02 17:01:29.905  INFO 3268 --- [    Test worker] d.f.embed.process.runtime.Executable     : start de.flapdoodle.embed.mongo.config.MongodConfigBuilder$ImmutableMongodConfig@14257b53
2018-03-02 17:01:30.207  INFO 3268 --- [    Test worker] o.s.c.support.DefaultLifecycleProcessor  : Starting beans in phase 2147483647
2018-03-02 17:01:30.208  INFO 3268 --- [    Test worker] d.s.w.p.DocumentationPluginsBootstrapper : Context refreshed
2018-03-02 17:01:30.209  INFO 3268 --- [    Test worker] d.s.w.p.DocumentationPluginsBootstrapper : Found 1 custom documentation plugin(s)
2018-03-02 17:01:30.265  INFO 3268 --- [    Test worker] s.d.s.w.s.ApiListingReferenceScanner     : Scanning for api listing references
2018-03-02 17:01:30.432  INFO 3268 --- [    Test worker] com.itt.Application                      : Environment Type:dev
2018-03-02 17:01:30.433  INFO 3268 --- [    Test worker] c.i.t.k.r.UserRepositoryTests            : Started UserRepositoryTests in 14.001 seconds (JVM running for 52.291)
2018-03-02 17:01:30.507  INFO 3268 --- [    Test worker] org.mongodb.driver.connection            : Opened connection [connectionId{localValue:2, serverValue:2}] to 127.0.0.1:12345
]]></system-out>
  <system-err><![CDATA[]]></system-err>
</testsuite>
